<?xml version="1.0" encoding="UTF-8"?>
<!-- Generated by org.testng.reporters.JUnitReportReporter -->
<testsuite skipped="0" hostname="DESKTOP-P9B3OLA" name="test.TestDafYomiHomePage" tests="2" failures="0" timestamp="2021-04-25T09:00:08 IDT" time="17.144" errors="0">
  <testcase name="testShowPageView" time="2.156" classname="test.TestDafYomiHomePage"/>
  <system-out/>
  <testcase name="testSearchButton" time="14.988" classname="test.TestDafYomiHomePage"/>
  <system-out/>
</testsuite> <!-- test.TestDafYomiHomePage -->
